********************************************************************************
PACKAGE-LOG: 2015-03-28 22:31:51
NOTICE: Do NOT post to public sites or forums 
********************************************************************************
VERSION:	0.5.12
WORDPRESS:	4.1.1
PHP INFO:	5.6.2 | SAPI: apache2handler
SERVER:		Apache/2.2.29 (Unix) mod_fastcgi/2.4.6 mod_wsgi/3.4 Python/2.7.8 PHP/5.6.2 mod_ssl/2.2.29 OpenSSL/0.9.8zc DAV/2 mod_perl/2.0.8 Perl/v5.20.0 
PHP TIME LIMIT: (0) no time limit imposed 
PHP MAX MEMORY: 5000M (128M default) 
MEMORY STACK: 17.75MB 

********************************************************************************
DATABASE:
********************************************************************************
BUILD MODE:   PHP (query limit - 100)
MYSQLDUMP:    Not Supported
MYSQLTIMEOUT: 5000 
TABLES: total:20 | filtered:0 | create:20 
FILTERED: [] 
SQL CREATED: 20150328_dannymyers_55172bc8ec5b67939150328223136_database.sql 
SQL FILE SIZE: 559.51KB 
SQL FILE TIME: 2015-03-28 22:31:52 
SQL RUNTIME: 0.10 sec. 

******************************************************************************** 
ARCHIVE (ZIP): 
******************************************************************************** 
ARCHIVE DIR:  /Applications/MAMP/htdocs/portfolio_website 
ARCHIVE FILE: 20150328_dannymyers_55172bc8ec5b67939150328223136_archive.zip 
FILTERS: *OFF* 
DIRS:  not set 
EXTS:  not set 
---------------------------------------- 
COMPRESSING 
SIZE:	36.39MB 
STATS:	Dirs 201 | Files 1,851 | Links 0 
SQL ADDED: 20150328_dannymyers_55172bc8ec5b67939150328223136_database.sql 
ZipArchive Object
(
    [status] => 0
    [statusSys] => 0
    [numFiles] => 2052
    [filename] => /Applications/MAMP/htdocs/portfolio_website/wp-snapshots/tmp/20150328_dannymyers_55172bc8ec5b67939150328223136_archive.zip
    [comment] => 
)
 
COMPRESSION RESULT: '1' 
COMPRESSED SIZE: 20.93MB 
ARCHIVE RUNTIME: 5.38 sec. 
MEMORY STACK: 18.75MB 

******************************************************************************** 
MAKE INSTALLER: 
******************************************************************************** 
Build Start 
Build Finished 
Preping for use 
Template parsed with new data 
Complete [/Applications/MAMP/htdocs/portfolio_website/wp-snapshots/tmp/20150328_dannymyers_55172bc8ec5b67939150328223136_installer.php] 
Added to archive 

******************************************************************************** 
INTEGRITY CHECKS: 
******************************************************************************** 
SQL File: 559.51KB 
Installer File: 316.91KB 
Archive File: 20.93MB  

********************************************************************************
RECORD ID:[1]
TOTAL PROCESS RUNTIME: 5.88 sec.
PEAK PHP MEMORY USED: 21.25MB
DONE PROCESSING => 20150328_dannymyers 2015-03-28 22:31:57
 
